<?xml version="1.0" encoding="UTF-8"?>
<coverage generated="1694552148380" clover="3.2.0">
  <project timestamp="1694552148380" name="All files">
    <metrics statements="15" coveredstatements="9" conditionals="6" coveredconditionals="3" methods="4" coveredmethods="1" elements="25" coveredelements="13" complexity="0" loc="15" ncloc="15" packages="1" files="1" classes="1"/>
    <file name="Blog.jsx" path="/home/mwenyewe/FSO/Exercises/bloglist-frontend/src/components/Blog.jsx">
      <metrics statements="15" coveredstatements="9" conditionals="6" coveredconditionals="3" methods="4" coveredmethods="1"/>
      <line num="5" count="1" type="stmt"/>
      <line num="6" count="1" type="stmt"/>
      <line num="7" count="1" type="stmt"/>
      <line num="8" count="1" type="cond" truecount="1" falsecount="1"/>
      <line num="9" count="1" type="cond" truecount="1" falsecount="1"/>
      <line num="11" count="1" type="stmt"/>
      <line num="12" count="0" type="stmt"/>
      <line num="13" count="0" type="stmt"/>
      <line num="18" count="0" type="stmt"/>
      <line num="21" count="1" type="stmt"/>
      <line num="22" count="0" type="stmt"/>
      <line num="23" count="0" type="stmt"/>
      <line num="27" count="0" type="stmt"/>
      <line num="30" count="1" type="stmt"/>
      <line num="44" count="1" type="stmt"/>
    </file>
  </project>
</coverage>
