<?xml version="1.0" encoding="UTF-8"?>
<coverage generated="1694556808131" clover="3.2.0">
  <project timestamp="1694556808131" name="All files">
    <metrics statements="30" coveredstatements="27" conditionals="6" coveredconditionals="5" methods="9" coveredmethods="8" elements="45" coveredelements="40" complexity="0" loc="30" ncloc="30" packages="1" files="2" classes="2"/>
    <file name="Blog.jsx" path="/home/mwenyewe/FSO/Exercises/bloglist-frontend/src/components/Blog.jsx">
      <metrics statements="15" coveredstatements="12" conditionals="6" coveredconditionals="5" methods="4" coveredmethods="3"/>
      <line num="5" count="1" type="stmt"/>
      <line num="6" count="4" type="stmt"/>
      <line num="7" count="4" type="stmt"/>
      <line num="8" count="4" type="cond" truecount="2" falsecount="0"/>
      <line num="9" count="4" type="cond" truecount="2" falsecount="0"/>
      <line num="11" count="4" type="stmt"/>
      <line num="12" count="2" type="stmt"/>
      <line num="13" count="2" type="stmt"/>
      <line num="18" count="2" type="stmt"/>
      <line num="21" count="4" type="stmt"/>
      <line num="22" count="0" type="stmt"/>
      <line num="23" count="0" type="stmt"/>
      <line num="27" count="0" type="stmt"/>
      <line num="30" count="4" type="stmt"/>
      <line num="44" count="1" type="stmt"/>
    </file>
    <file name="BlogForm.jsx" path="/home/mwenyewe/FSO/Exercises/bloglist-frontend/src/components/BlogForm.jsx">
      <metrics statements="15" coveredstatements="15" conditionals="0" coveredconditionals="0" methods="5" coveredmethods="5"/>
      <line num="4" count="1" type="stmt"/>
      <line num="5" count="27" type="stmt"/>
      <line num="6" count="27" type="stmt"/>
      <line num="7" count="27" type="stmt"/>
      <line num="9" count="27" type="stmt"/>
      <line num="10" count="1" type="stmt"/>
      <line num="12" count="1" type="stmt"/>
      <line num="13" count="1" type="stmt"/>
      <line num="14" count="1" type="stmt"/>
      <line num="15" count="1" type="stmt"/>
      <line num="18" count="27" type="stmt"/>
      <line num="29" count="10" type="stmt"/>
      <line num="40" count="7" type="stmt"/>
      <line num="51" count="8" type="stmt"/>
      <line num="60" count="1" type="stmt"/>
    </file>
  </project>
</coverage>
