{"/home/mwenyewe/FSO/Exercises/bloglist-frontend/src/components/Blog.jsx": {"path":"/home/mwenyewe/FSO/Exercises/bloglist-frontend/src/components/Blog.jsx","statementMap":{"0":{"start":{"line":5,"column":13},"end":{"line":41,"column":5}},"1":{"start":{"line":6,"column":32},"end":{"line":6,"column":47}},"2":{"start":{"line":7,"column":27},"end":{"line":7,"column":53}},"3":{"start":{"line":7,"column":33},"end":{"line":7,"column":53}},"4":{"start":{"line":8,"column":26},"end":{"line":8,"column":60}},"5":{"start":{"line":9,"column":15},"end":{"line":9,"column":40}},"6":{"start":{"line":11,"column":21},"end":{"line":19,"column":3}},"7":{"start":{"line":12,"column":4},"end":{"line":12,"column":26}},"8":{"start":{"line":13,"column":23},"end":{"line":17,"column":5}},"9":{"start":{"line":18,"column":4},"end":{"line":18,"column":27}},"10":{"start":{"line":21,"column":23},"end":{"line":28,"column":3}},"11":{"start":{"line":22,"column":4},"end":{"line":22,"column":26}},"12":{"start":{"line":23,"column":24},"end":{"line":26,"column":5}},"13":{"start":{"line":27,"column":4},"end":{"line":27,"column":29}},"14":{"start":{"line":30,"column":2},"end":{"line":41,"column":4}},"15":{"start":{"line":44,"column":0},"end":{"line":58,"column":2}}},"fnMap":{"0":{"name":"(anonymous_0)","decl":{"start":{"line":5,"column":13},"end":{"line":5,"column":14}},"loc":{"start":{"line":5,"column":60},"end":{"line":41,"column":5}},"line":5},"1":{"name":"(anonymous_1)","decl":{"start":{"line":7,"column":27},"end":{"line":7,"column":28}},"loc":{"start":{"line":7,"column":33},"end":{"line":7,"column":53}},"line":7},"2":{"name":"(anonymous_2)","decl":{"start":{"line":11,"column":21},"end":{"line":11,"column":22}},"loc":{"start":{"line":11,"column":32},"end":{"line":19,"column":3}},"line":11},"3":{"name":"(anonymous_3)","decl":{"start":{"line":21,"column":23},"end":{"line":21,"column":24}},"loc":{"start":{"line":21,"column":34},"end":{"line":28,"column":3}},"line":21}},"branchMap":{"0":{"loc":{"start":{"line":8,"column":37},"end":{"line":8,"column":58}},"type":"cond-expr","locations":[{"start":{"line":8,"column":47},"end":{"line":8,"column":49}},{"start":{"line":8,"column":52},"end":{"line":8,"column":58}}],"line":8},"1":{"loc":{"start":{"line":9,"column":15},"end":{"line":9,"column":40}},"type":"cond-expr","locations":[{"start":{"line":9,"column":25},"end":{"line":9,"column":31}},{"start":{"line":9,"column":34},"end":{"line":9,"column":40}}],"line":9},"2":{"loc":{"start":{"line":38,"column":9},"end":{"line":38,"column":63}},"type":"binary-expr","locations":[{"start":{"line":38,"column":9},"end":{"line":38,"column":13}},{"start":{"line":38,"column":17},"end":{"line":38,"column":63}}],"line":38}},"s":{"0":1,"1":1,"2":1,"3":0,"4":1,"5":1,"6":1,"7":0,"8":0,"9":0,"10":1,"11":0,"12":0,"13":0,"14":1,"15":1},"f":{"0":1,"1":0,"2":0,"3":0},"b":{"0":[0,1],"1":[0,1],"2":[1,0]},"_coverageSchema":"1a1c01bbd47fc00a2c39e90264f33305004495a9","hash":"a408e4a741d0052b135433d937d74ed1caa24313"}
}
