{"/home/mwenyewe/FSO/Exercises/bloglist-frontend/src/components/Blog.jsx": {"path":"/home/mwenyewe/FSO/Exercises/bloglist-frontend/src/components/Blog.jsx","statementMap":{"0":{"start":{"line":6,"column":13},"end":{"line":42,"column":5}},"1":{"start":{"line":7,"column":32},"end":{"line":7,"column":47}},"2":{"start":{"line":8,"column":27},"end":{"line":8,"column":53}},"3":{"start":{"line":8,"column":33},"end":{"line":8,"column":53}},"4":{"start":{"line":9,"column":26},"end":{"line":9,"column":60}},"5":{"start":{"line":10,"column":15},"end":{"line":10,"column":40}},"6":{"start":{"line":12,"column":21},"end":{"line":20,"column":3}},"7":{"start":{"line":13,"column":4},"end":{"line":13,"column":26}},"8":{"start":{"line":14,"column":23},"end":{"line":18,"column":5}},"9":{"start":{"line":19,"column":4},"end":{"line":19,"column":27}},"10":{"start":{"line":22,"column":23},"end":{"line":29,"column":3}},"11":{"start":{"line":23,"column":4},"end":{"line":23,"column":26}},"12":{"start":{"line":24,"column":24},"end":{"line":27,"column":5}},"13":{"start":{"line":28,"column":4},"end":{"line":28,"column":29}},"14":{"start":{"line":31,"column":2},"end":{"line":42,"column":4}},"15":{"start":{"line":45,"column":0},"end":{"line":59,"column":2}}},"fnMap":{"0":{"name":"(anonymous_0)","decl":{"start":{"line":6,"column":13},"end":{"line":6,"column":14}},"loc":{"start":{"line":6,"column":60},"end":{"line":42,"column":5}},"line":6},"1":{"name":"(anonymous_1)","decl":{"start":{"line":8,"column":27},"end":{"line":8,"column":28}},"loc":{"start":{"line":8,"column":33},"end":{"line":8,"column":53}},"line":8},"2":{"name":"(anonymous_2)","decl":{"start":{"line":12,"column":21},"end":{"line":12,"column":22}},"loc":{"start":{"line":12,"column":32},"end":{"line":20,"column":3}},"line":12},"3":{"name":"(anonymous_3)","decl":{"start":{"line":22,"column":23},"end":{"line":22,"column":24}},"loc":{"start":{"line":22,"column":34},"end":{"line":29,"column":3}},"line":22}},"branchMap":{"0":{"loc":{"start":{"line":9,"column":37},"end":{"line":9,"column":58}},"type":"cond-expr","locations":[{"start":{"line":9,"column":47},"end":{"line":9,"column":49}},{"start":{"line":9,"column":52},"end":{"line":9,"column":58}}],"line":9},"1":{"loc":{"start":{"line":10,"column":15},"end":{"line":10,"column":40}},"type":"cond-expr","locations":[{"start":{"line":10,"column":25},"end":{"line":10,"column":31}},{"start":{"line":10,"column":34},"end":{"line":10,"column":40}}],"line":10},"2":{"loc":{"start":{"line":39,"column":9},"end":{"line":39,"column":63}},"type":"binary-expr","locations":[{"start":{"line":39,"column":9},"end":{"line":39,"column":13}},{"start":{"line":39,"column":17},"end":{"line":39,"column":63}}],"line":39}},"s":{"0":1,"1":4,"2":4,"3":1,"4":4,"5":4,"6":4,"7":2,"8":2,"9":2,"10":4,"11":0,"12":0,"13":0,"14":4,"15":1},"f":{"0":4,"1":1,"2":2,"3":0},"b":{"0":[1,3],"1":[1,3],"2":[4,0]},"_coverageSchema":"1a1c01bbd47fc00a2c39e90264f33305004495a9","hash":"865d7eaf0b65ab16acb8f9b1657e8e9677c4338e"}
}
