TN:
SF:src/components/Blog.jsx
FN:5,(anonymous_0)
FN:7,(anonymous_1)
FN:11,(anonymous_2)
FN:21,(anonymous_3)
FNF:4
FNH:3
FNDA:4,(anonymous_0)
FNDA:1,(anonymous_1)
FNDA:2,(anonymous_2)
FNDA:0,(anonymous_3)
DA:5,1
DA:6,4
DA:7,4
DA:8,4
DA:9,4
DA:11,4
DA:12,2
DA:13,2
DA:18,2
DA:21,4
DA:22,0
DA:23,0
DA:27,0
DA:30,4
DA:44,1
LF:15
LH:12
BRDA:8,0,0,1
BRDA:8,0,1,3
BRDA:9,1,0,1
BRDA:9,1,1,3
BRDA:38,2,0,4
BRDA:38,2,1,0
BRF:6
BRH:5
end_of_record
TN:
SF:src/components/BlogForm.jsx
FN:4,(anonymous_0)
FN:9,(anonymous_1)
FN:29,(anonymous_2)
FN:40,(anonymous_3)
FN:51,(anonymous_4)
FNF:5
FNH:5
FNDA:27,(anonymous_0)
FNDA:1,(anonymous_1)
FNDA:10,(anonymous_2)
FNDA:7,(anonymous_3)
FNDA:8,(anonymous_4)
DA:4,1
DA:5,27
DA:6,27
DA:7,27
DA:9,27
DA:10,1
DA:12,1
DA:13,1
DA:14,1
DA:15,1
DA:18,27
DA:29,10
DA:40,7
DA:51,8
DA:60,1
LF:15
LH:15
BRF:0
BRH:0
end_of_record
